*   Trying 198.51.168.83...
* TCP_NODELAY set
* Connected to www.multivaluedb.com (198.51.168.83) port 443 (#0)
* schannel: SSL/TLS connection with www.multivaluedb.com port 443 (step 1/3)
* schannel: checking server certificate revocation
* schannel: sending initial handshake data: sending 185 bytes...
* schannel: sent initial handshake data: sent 185 bytes
* schannel: SSL/TLS connection with www.multivaluedb.com port 443 (step 2/3)
* schannel: failed to receive handshake, need more data
* schannel: SSL/TLS connection with www.multivaluedb.com port 443 (step 2/3)
* schannel: encrypted data got 1380
* schannel: encrypted data buffer: offset 1380 length 4096
* schannel: encrypted data length: 1314
* schannel: encrypted data buffer: offset 1314 length 4096
* schannel: received incomplete message, need more data
* schannel: SSL/TLS connection with www.multivaluedb.com port 443 (step 2/3)
* schannel: encrypted data got 1380
* schannel: encrypted data buffer: offset 2694 length 4096
* schannel: received incomplete message, need more data
* schannel: SSL/TLS connection with www.multivaluedb.com port 443 (step 2/3)
* schannel: encrypted data got 402
* schannel: encrypted data buffer: offset 3096 length 4096
* schannel: sending next handshake data: sending 126 bytes...
* schannel: SSL/TLS connection with www.multivaluedb.com port 443 (step 2/3)
* schannel: encrypted data got 274
* schannel: encrypted data buffer: offset 274 length 4096
* schannel: SSL/TLS handshake complete
* schannel: SSL/TLS connection with www.multivaluedb.com port 443 (step 3/3)
* schannel: stored credential handle in session cache
> GET /powerbiapi/wresttest HTTP/1.1
> Host: www.multivaluedb.com
> User-Agent: curl/7.55.1
> Accept: */*
> 
* schannel: client wants to read 102400 bytes
* schannel: encdata_buffer resized 103424
* schannel: encrypted data buffer: offset 0 length 103424
* schannel: encrypted data got 1380
* schannel: encrypted data buffer: offset 1380 length 103424
* schannel: decrypted data length: 308
* schannel: decrypted data added: 308
* schannel: decrypted data cached: offset 308 length 102400
* schannel: encrypted data length: 1043
* schannel: encrypted data cached: offset 1043 length 103424
* schannel: failed to decrypt data, need more data
* schannel: schannel_recv cleanup
* schannel: decrypted data returned 308
* schannel: decrypted data buffer: offset 0 length 102400
< HTTP/1.1 200 OK
< Date: Sun, 07 Oct 2018 20:27:34 GMT
< Server: jbase_agent
< Cache-control: no-cache
< Content-Length: 1541
< Content-type: application/json
< Cache-Control: no-cache
< restversion: 1.1
< Set-Cookie: wresttestcookie=13273407OCT2018;expires=Mon, 8 Oct 2018 13:32:34; path=/
< Via: 1.1 10.10.17.222
< 
* schannel: client wants to read 1541 bytes
* schannel: encrypted data buffer: offset 1043 length 103424
* schannel: encrypted data got 527
* schannel: encrypted data buffer: offset 1570 length 103424
* schannel: decrypted data length: 1541
* schannel: decrypted data added: 1541
* schannel: decrypted data cached: offset 1541 length 102400
* schannel: encrypted data buffer: offset 0 length 103424
* schannel: decrypted data buffer: offset 1541 length 102400
* schannel: schannel_recv cleanup
* schannel: decrypted data returned 1541
* schannel: decrypted data buffer: offset 0 length 102400
{ [1541 bytes data]
* Connection #0 to host www.multivaluedb.com left intact
